2025-09-10 08:30:57,968 INFO We are in Homepage
2025-09-10 08:31:01,518 INFO We are in CategoryPage
2025-09-10 08:31:04,226 INFO We are in Shopping Cart Page
2025-09-10 08:31:04,858 INFO We are in LoginPage
2025-09-10 08:31:08,591 INFO We are in ShippingCart Page
2025-09-10 08:31:13,854 INFO We are in CheckoutPage
2025-09-10 08:31:15,966 INFO We are in OrderConfirmation Page
2025-09-10 08:31:18,097 INFO We are in Success Page
2025-09-10 08:31:21,142 INFO We are in Welcome Page
2025-09-10 08:31:23,613 INFO We are in Log Off Page
2025-09-18 16:20:02,386 INFO We are in Homepage
2025-09-18 16:20:05,166 INFO We are in CategoryPage
2025-09-18 16:20:09,039 INFO We are in Shopping Cart Page
2025-09-18 16:20:10,097 INFO We are in LoginPage
2025-09-18 16:20:13,152 INFO We are in ShippingCart Page
2025-09-18 16:20:17,894 INFO We are in CheckoutPage
2025-09-18 16:20:19,952 INFO We are in OrderConfirmation Page
2025-09-18 16:20:22,149 INFO We are in Success Page
2025-09-18 16:20:26,820 INFO We are in Welcome Page
2025-09-18 16:20:29,148 INFO We are in Log Off Page
2025-09-19 12:44:16,757 INFO We are in Homepage
2025-09-19 12:44:20,254 INFO We are in CategoryPage
2025-09-19 12:44:23,488 INFO We are in Shopping Cart Page
2025-09-19 12:44:24,420 INFO We are in LoginPage
2025-09-19 12:44:28,359 INFO We are in ShippingCart Page
2025-09-19 12:44:33,379 INFO We are in CheckoutPage
2025-09-19 12:44:36,805 INFO We are in OrderConfirmation Page
2025-09-19 12:44:42,327 INFO We are in Success Page
2025-09-19 12:44:45,426 INFO We are in Welcome Page
2025-09-19 12:44:48,125 INFO We are in Log Off Page
2025-09-20 13:37:30,583 INFO We are in Homepage
2025-09-20 13:37:33,457 INFO We are in CategoryPage
2025-09-20 13:37:36,333 INFO We are in Shopping Cart Page
2025-09-20 13:37:37,283 INFO We are in LoginPage
2025-09-20 13:37:40,555 INFO We are in ShippingCart Page
2025-09-20 13:37:45,263 INFO We are in CheckoutPage
2025-09-20 13:37:47,324 INFO We are in OrderConfirmation Page
2025-09-20 13:37:52,747 INFO We are in Success Page
2025-09-20 13:37:54,922 INFO We are in Welcome Page
2025-09-20 13:37:57,601 INFO We are in Log Off Page
2025-09-20 13:40:34,661 INFO We are in Homepage
2025-09-20 13:40:37,112 INFO We are in CategoryPage
2025-09-20 13:40:39,687 INFO We are in Shopping Cart Page
2025-09-20 13:40:40,334 INFO We are in LoginPage
2025-09-20 13:40:43,339 INFO We are in ShippingCart Page
2025-09-20 13:40:47,854 INFO We are in CheckoutPage
2025-09-20 13:40:49,900 INFO We are in OrderConfirmation Page
2025-09-20 13:40:52,044 INFO We are in Success Page
2025-09-20 13:40:55,418 INFO We are in Welcome Page
2025-09-20 13:40:58,097 INFO We are in Log Off Page
2025-09-20 13:46:40,343 INFO We are in Homepage
2025-09-20 13:46:43,019 INFO We are in CategoryPage
2025-09-20 13:46:46,161 INFO We are in Shopping Cart Page
2025-09-20 13:46:46,687 INFO We are in LoginPage
2025-09-20 13:46:49,693 INFO We are in ShippingCart Page
2025-09-20 13:46:54,261 INFO We are in CheckoutPage
2025-09-20 13:46:56,437 INFO We are in OrderConfirmation Page
2025-09-20 13:46:58,625 INFO We are in Success Page
2025-09-20 13:47:01,873 INFO We are in Welcome Page
2025-09-20 13:47:05,183 INFO We are in Log Off Page
2025-09-20 13:49:03,036 INFO We are in Homepage
2025-09-20 13:49:06,254 INFO We are in CategoryPage
2025-09-20 13:49:09,189 INFO We are in Shopping Cart Page
2025-09-20 13:49:09,765 INFO We are in LoginPage
2025-09-20 13:49:12,783 INFO We are in ShippingCart Page
2025-09-20 13:49:17,393 INFO We are in CheckoutPage
2025-09-20 13:49:19,543 INFO We are in OrderConfirmation Page
2025-09-20 13:49:21,743 INFO We are in Success Page
2025-09-20 13:49:25,890 INFO We are in Welcome Page
2025-09-20 13:49:28,180 INFO We are in Log Off Page
2025-09-20 13:50:36,074 INFO We are in Homepage
2025-09-20 13:50:38,947 INFO We are in CategoryPage
2025-09-20 13:50:41,428 INFO We are in Shopping Cart Page
2025-09-20 13:50:41,860 INFO We are in LoginPage
2025-09-20 13:50:44,969 INFO We are in ShippingCart Page
2025-09-20 13:50:49,499 INFO We are in CheckoutPage
2025-09-20 13:50:51,545 INFO We are in OrderConfirmation Page
2025-09-20 13:50:53,664 INFO We are in Success Page
2025-09-20 13:50:56,931 INFO We are in Welcome Page
2025-09-20 13:50:59,345 INFO We are in Log Off Page
2025-09-20 14:00:07,924 INFO We are in Homepage
2025-09-20 14:00:10,446 INFO We are in CategoryPage
2025-09-20 14:00:12,878 INFO We are in Shopping Cart Page
2025-09-20 14:00:13,313 INFO We are in LoginPage
2025-09-20 14:00:16,034 INFO We are in ShippingCart Page
2025-09-20 14:00:20,732 INFO We are in CheckoutPage
2025-09-20 14:00:22,897 INFO We are in OrderConfirmation Page
2025-09-20 14:00:25,019 INFO We are in Success Page
2025-09-20 14:00:28,517 INFO We are in Welcome Page
2025-09-20 14:00:30,778 INFO We are in Log Off Page
2025-09-20 14:45:48,316 INFO We are in Homepage
2025-09-20 14:45:51,051 INFO We are in CategoryPage
2025-09-20 14:45:55,094 INFO We are in Shopping Cart Page
2025-09-20 14:45:56,041 INFO We are in LoginPage
2025-09-20 14:45:58,484 INFO We are in ShippingCart Page
2025-09-24 11:19:31,351 INFO We are in Homepage
2025-09-24 11:19:34,183 INFO We are in CategoryPage
2025-09-24 11:19:39,147 INFO We are in Shopping Cart Page
2025-09-24 11:19:40,615 INFO We are in LoginPage
2025-09-24 11:19:44,003 INFO We are in ShippingCart Page
2025-09-24 11:19:48,777 INFO We are in CheckoutPage
2025-09-24 11:19:51,739 INFO We are in OrderConfirmation Page
2025-09-24 11:19:57,254 INFO We are in Success Page
2025-09-24 11:19:59,816 INFO We are in Welcome Page
2025-09-24 11:20:02,153 INFO We are in Log Off Page
2025-09-24 11:26:38,033 INFO We are in Homepage
2025-09-24 11:26:40,507 INFO We are in CategoryPage
2025-09-24 11:26:43,762 INFO We are in Shopping Cart Page
2025-09-24 11:26:44,361 INFO We are in LoginPage
2025-09-24 11:26:47,166 INFO We are in ShippingCart Page
2025-09-24 11:26:51,778 INFO We are in CheckoutPage
2025-09-24 11:26:54,138 INFO We are in OrderConfirmation Page
2025-09-24 11:26:56,248 INFO We are in Success Page
2025-09-24 11:26:59,358 INFO We are in Welcome Page
2025-09-24 11:27:01,655 INFO We are in Log Off Page
